iter 1
z[0] = 13.0000000000 + 0.0000000000 i
z[1] = -6.5000000000 + 11.2583302492 i
z[2] = -6.5000000000 + -11.2583302492 i
iter 2
z[0] = 10.3747534517 + -0.0000000000 i
z[1] = -2.1873767258 + 7.7856879496 i
z[2] = -2.1873767258 + -7.7856879496 i
iter 3
z[0] = 7.6855997030 + -0.0000000000 i
z[1] = -0.8427998515 + 5.1015279213 i
z[2] = -0.8427998515 + -5.1015279213 i
iter 4
z[0] = 5.8245784316 + -0.0000000000 i
z[1] = 0.0877107842 + 3.3714004576 i
z[2] = 0.0877107842 + -3.3714004576 i
iter 5
z[0] = 4.5611146338 + -0.0000000000 i
z[1] = 0.7194426831 + 2.2377298076 i
z[2] = 0.7194426831 + -2.2377298076 i
iter 6
z[0] = 3.7112085443 + -0.0000000000 i
z[1] = 1.1443957279 + 1.4885298953 i
z[2] = 1.1443957279 + -1.4885298953 i
iter 7
z[0] = 3.1420719778 + -0.0000000000 i
z[1] = 1.4289640111 + 0.9912566207 i
z[2] = 1.4289640111 + -0.9912566207 i
iter 8
z[0] = 2.7618034140 + -0.0000000000 i
z[1] = 1.6190982930 + 0.6604722009 i
z[2] = 1.6190982930 + -0.6604722009 i
iter 9
z[0] = 2.5080096413 + -0.0000000000 i
z[1] = 1.7459951794 + 0.4401929519 i
z[2] = 1.7459951794 + -0.4401929519 i
iter 10
z[0] = 2.3387199937 + -0.0000000000 i
z[1] = 1.8306400031 + 0.2934213517 i
z[2] = 1.8306400031 + -0.2934213517 i
iter 11
z[0] = 2.2258289623 + -0.0000000000 i
z[1] = 1.8870855188 + 0.1956006958 i
z[2] = 1.8870855188 + -0.1956006958 i
iter 12
z[0] = 2.1505578526 + -0.0000000000 i
z[1] = 1.9247210737 + 0.1303959509 i
z[2] = 1.9247210737 + -0.1303959509 i
iter 13
z[0] = 2.1003736388 + 0.0000000000 i
z[1] = 1.9498131806 + 0.0869291297 i
z[2] = 1.9498131806 + -0.0869291297 i
iter 14
z[0] = 2.0669163382 + -0.0000000000 i
z[1] = 1.9665418309 + 0.0579522517 i
z[2] = 1.9665418309 + -0.0579522517 i
iter 15
z[0] = 2.0446110851 + -0.0000000000 i
z[1] = 1.9776944574 + 0.0386346673 i
z[2] = 1.9776944574 + -0.0386346673 i
iter 16
z[0] = 2.0297407878 + -0.0000000000 i
z[1] = 1.9851296061 + 0.0257563892 i
z[2] = 1.9851296061 + -0.0257563892 i
iter 17
z[0] = 2.0198272133 + 0.0000000000 i
z[1] = 1.9900863934 + 0.0171709075 i
z[2] = 1.9900863934 + -0.0171709075 i
iter 18
z[0] = 2.0132181493 + 0.0000000000 i
z[1] = 1.9933909253 + 0.0114472655 i
z[2] = 1.9933909253 + -0.0114472655 i
iter 19
z[0] = 2.0088121019 + -0.0000000000 i
z[1] = 1.9955939490 + 0.0076315083 i
z[2] = 1.9955939490 + -0.0076315083 i
iter 20
z[0] = 2.0058747354 + -0.0000000000 i
z[1] = 1.9970626323 + 0.0050876715 i
z[2] = 1.9970626323 + -0.0050876715 i
iter 21
z[0] = 2.0039164906 + 0.0000000000 i
z[1] = 1.9980417547 + 0.0033917808 i
z[2] = 1.9980417547 + -0.0033917808 i
iter 22
z[0] = 2.0026109938 + -0.0000000000 i
z[1] = 1.9986945031 + 0.0022611871 i
z[2] = 1.9986945031 + -0.0022611871 i
iter 23
z[0] = 2.0017406626 + -0.0000000000 i
z[1] = 1.9991296687 + 0.0015074581 i
z[2] = 1.9991296688 + -0.0015074579 i
iter 24
z[0] = 2.0011604417 + -0.0000000000 i
z[1] = 1.9994197792 + 0.0010049719 i
z[2] = 1.9994197792 + -0.0010049719 i
iter 25
z[0] = 2.0007736275 + -0.0000000000 i
z[1] = 1.9996131863 + 0.0006699810 i
z[2] = 1.9996131861 + -0.0006699814 i
iter 26
z[0] = 2.0005157524 + 0.0000000000 i
z[1] = 1.9997421249 + 0.0004466529 i
z[2] = 1.9997421241 + -0.0004466542 i
iter 27
z[0] = 2.0003438330 + 0.0000000001 i
z[1] = 1.9998280835 + 0.0002977679 i
z[2] = 1.9998280825 + -0.0002977694 i
iter 28
z[0] = 2.0002292272 + 0.0000000002 i
z[1] = 1.9998853892 + 0.0001985120 i
z[2] = 1.9998853905 + -0.0001985094 i
iter 29
z[0] = 2.0001528226 + -0.0000000003 i
z[1] = 1.9999235911 + 0.0001323425 i
z[2] = 1.9999235930 + -0.0001323397 i
iter 30
z[0] = 2.0001018601 + -0.0000000004 i
z[1] = 1.9999490727 + 0.0000882065 i
z[2] = 1.9999490751 + -0.0000882032 i
iter 31
z[0] = 2.0000679010 + -0.0000000005 i
z[1] = 1.9999660243 + 0.0000588451 i
z[2] = 1.9999660271 + -0.0000588412 i
iter 32
z[0] = 2.0000451849 + -0.0000000005 i
z[1] = 1.9999773829 + 0.0000391819 i
z[2] = 1.9999773863 + -0.0000391772 i
iter 33
z[0] = 2.0000301210 + -0.0000000006 i
z[1] = 1.9999850557 + 0.0000258955 i
z[2] = 1.9999849149 + -0.0000261405 i
iter 34
z[0] = 2.0000196494 + 0.0000000283 i
z[1] = 1.9999903113 + 0.0000167956 i
z[2] = 1.9999894693 + -0.0000182022 i
iter 35
z[0] = 2.0000107059 + 0.0000002171 i
z[1] = 1.9999934104 + 0.0000116504 i
z[2] = 1.9999937723 + -0.0000107160 i
iter 36
z[0] = 2.0000064574 + -0.0000000074 i
z[1] = 1.9999953549 + 0.0000083477 i
z[2] = 1.9999959926 + -0.0000074613 i
iter 37
z[0] = 2.0000064573 + -0.0000000022 i
z[1] = 1.9999952002 + 0.0000082407 i
z[2] = 1.9999930990 + -0.0000107465 i
iter 38
z[0] = 2.0000064573 + -0.0000000011 i
z[1] = 1.9999952276 + 0.0000082659 i
z[2] = 1.9999967710 + -0.0000066544 i
iter 39
z[0] = 1.9999956227 + -0.0000003550 i
z[1] = 1.9999995321 + 0.0000009450 i
z[2] = 1.9999898669 + -0.0000140119 i
iter 40
z[0] = 1.9999975525 + -0.0000293861 i
z[1] = 1.9999934822 + 0.0000243892 i
z[2] = 1.9999985580 + -0.0000117901 i
iter 41
z[0] = 2.0000036409 + -0.0000033515 i
z[1] = 1.9999975333 + 0.0000175828 i
z[2] = 1.9999983582 + -0.0000142130 i
iter 42
z[0] = 2.0000035799 + -0.0000029936 i
z[1] = 2.0000001633 + 0.0000089980 i
z[2] = 1.9999953884 + -0.0000076818 i
iter 43
z[0] = 2.0000138565 + 0.0000080877 i
z[1] = 2.0000001675 + 0.0000056337 i
z[2] = 1.9999956066 + -0.0000077354 i
iter 44
z[0] = 2.0000059516 + -0.0000016912 i
z[1] = 1.9999992701 + 0.0000054968 i
z[2] = 1.9999975238 + -0.0000028949 i
iter 45
z[0] = 1.9999881034 + -0.0000134337 i
z[1] = 1.9999983027 + 0.0000038965 i
z[2] = 1.9999986903 + -0.0000150170 i
iter 46
z[0] = 1.9999843715 + 0.0000153948 i
z[1] = 2.0000024075 + 0.0000061236 i
z[2] = 2.0000137790 + -0.0000042314 i
iter 47
z[0] = 1.9999888585 + 0.0000015605 i
z[1] = 2.0000017813 + 0.0000033177 i
z[2] = 2.0000088246 + -0.0000063660 i
iter 48
z[0] = 2.0000016628 + 0.0000026087 i
z[1] = 2.0000018042 + 0.0000032958 i
z[2] = 2.0000041955 + -0.0000051795 i
iter 49
z[0] = 2.0000015876 + 0.0000019370 i
z[1] = 2.0000017620 + 0.0000027118 i
z[2] = 2.0000031583 + -0.0000067305 i
iter 50
z[0] = 2.0001284789 + 0.0000062299 i
z[1] = 2.0000017097 + 0.0000034112 i
z[2] = 2.0000035526 + -0.0000055646 i
