iter 1
z[0] = 4.0000000000 + 0.0000000000 i
z[1] = 3.7587704831 + 1.3680805733 i
z[2] = 3.0641777725 + 2.5711504387 i
z[3] = 2.0000000000 + 3.4641016151 i
z[4] = 0.6945927107 + 3.9392310120 i
z[5] = -0.6945927107 + 3.9392310120 i
z[6] = -2.0000000000 + 3.4641016151 i
z[7] = -3.0641777725 + 2.5711504387 i
z[8] = -3.7587704831 + 1.3680805733 i
z[9] = -4.0000000000 + 0.0000000000 i
z[10] = -3.7587704831 + -1.3680805733 i
z[11] = -3.0641777725 + -2.5711504387 i
z[12] = -2.0000000000 + -3.4641016151 i
z[13] = -0.6945927107 + -3.9392310120 i
z[14] = 0.6945927107 + -3.9392310120 i
z[15] = 2.0000000000 + -3.4641016151 i
z[16] = 3.0641777725 + -2.5711504387 i
z[17] = 3.7587704831 + -1.3680805733 i
iter 2
z[0] = 3.7286297898 + -0.0000000000 i
z[1] = 3.4984677012 + 1.2872547791 i
z[2] = 2.8373523718 + 2.4224245819 i
z[3] = 1.8287054928 + 3.2689799379 i
z[4] = 0.5962010496 + 3.7217985541 i
z[5] = -0.7131324613 + 3.7235468004 i
z[6] = -1.9438033264 + 3.2742408679 i
z[7] = -2.9480339906 + 2.4296319222 i
z[8] = -3.6040659436 + 1.2925024240 i
z[9] = -3.8320115767 + 0.0000000000 i
z[10] = -3.6040659436 + -1.2925024240 i
z[11] = -2.9480339906 + -2.4296319222 i
z[12] = -1.9438033264 + -3.2742408679 i
z[13] = -0.7131324613 + -3.7235468004 i
z[14] = 0.5962010496 + -3.7217985541 i
z[15] = 1.8287054928 + -3.2689799379 i
z[16] = 2.8373523718 + -2.4224245819 i
z[17] = 3.4984677012 + -1.2872547791 i
iter 3
z[0] = 3.5253284975 + -0.0000000000 i
z[1] = 3.3075771762 + 1.2133856043 i
z[2] = 2.6820090872 + 2.2833092496 i
z[3] = 1.7273765488 + 3.0812191555 i
z[4] = 0.5609328622 + 3.5083265095 i
z[5] = -0.6777426963 + 3.5102435750 i
z[6] = -1.8418981098 + 3.0864306214 i
z[7] = -2.7923287204 + 2.2897545899 i
z[8] = -3.4137131737 + 1.2177962271 i
z[9] = -3.6297544457 + 0.0000000000 i
z[10] = -3.4137131737 + -1.2177962271 i
z[11] = -2.7923287204 + -2.2897545899 i
z[12] = -1.8418981098 + -3.0864306214 i
z[13] = -0.6777426963 + -3.5102435750 i
z[14] = 0.5609328622 + -3.5083265095 i
z[15] = 1.7273765488 + -3.0812191555 i
z[16] = 2.6820090872 + -2.2833092496 i
z[17] = 3.3075771762 + -1.2133856043 i
iter 4
z[0] = 3.3287038603 + -0.0000000000 i
z[1] = 3.1225778464 + 1.1447074700 i
z[2] = 2.5306211485 + 2.1545987067 i
z[3] = 1.6279515347 + 2.9085285397 i
z[4] = 0.5260100352 + 3.3127168963 i
z[5] = -0.6434789649 + 3.3149051052 i
z[6] = -1.7427390607 + 2.9143723982 i
z[7] = -2.6407192037 + 2.1616258726 i
z[8] = -3.2282522791 + 1.1493870987 i
z[9] = -3.4326459731 + 0.0000000000 i
z[10] = -3.2282522791 + -1.1493870987 i
z[11] = -2.6407192037 + -2.1616258726 i
z[12] = -1.7427390607 + -2.9143723982 i
z[13] = -0.6434789649 + -3.3149051052 i
z[14] = 0.5260100352 + -3.3127168963 i
z[15] = 1.6279515347 + -2.9085285397 i
z[16] = 2.5306211485 + -2.1545987067 i
z[17] = 3.1225778464 + -1.1447074700 i
iter 5
z[0] = 3.1429941151 + -0.0000000000 i
z[1] = 2.9477556357 + 1.0797289857 i
z[2] = 2.3873587973 + 2.0329852226 i
z[3] = 1.5337216939 + 2.7456101045 i
z[4] = 0.4928619535 + 3.1283284806 i
z[5] = -0.6110864734 + 3.1307705446 i
z[6] = -1.6489551269 + 2.7521569494 i
z[7] = -2.4973181455 + 2.0408575994 i
z[8] = -3.0527761749 + 1.0849358112 i
z[9] = -3.2461184344 + 0.0000000000 i
z[10] = -3.0527761749 + -1.0849358112 i
z[11] = -2.4973181455 + -2.0408575994 i
z[12] = -1.6489551269 + -2.7521569494 i
z[13] = -0.6110864734 + -3.1307705446 i
z[14] = 0.4928619535 + -3.1283284806 i
z[15] = 1.5337216939 + -2.7456101045 i
z[16] = 2.3873587973 + -2.0329852226 i
z[17] = 2.9477556357 + -1.0797289857 i
iter 6
z[0] = 2.9678658531 + -0.0000000000 i
z[1] = 2.7828215281 + 1.0181651625 i
z[2] = 2.2520153718 + 1.9178863235 i
z[3] = 1.4445393934 + 2.5916502666 i
z[4] = 0.4614201620 + 2.9542731636 i
z[5] = -0.5804738376 + 2.9569753411 i
z[6] = -1.5603058490 + 2.5989647402 i
z[7] = -2.3618500399 + 1.9267415888 i
z[8] = -2.8870850438 + 1.0240036170 i
z[9] = -3.0700292231 + 0.0000000000 i
z[10] = -2.8870850438 + -1.0240036170 i
z[11] = -2.3618500399 + -1.9267415888 i
z[12] = -1.5603058490 + -2.5989647402 i
z[13] = -0.5804738376 + -2.9569753411 i
z[14] = 0.4614201620 + -2.9542731636 i
z[15] = 1.4445393934 + -2.5916502666 i
z[16] = 2.2520153718 + -1.9178863235 i
z[17] = 2.7828215281 + -1.0181651625 i
iter 7
z[0] = 2.8027748608 + -0.0000000000 i
z[1] = 2.6272647902 + 0.9598003686 i
z[2] = 2.1241611785 + 1.8088957037 i
z[3] = 1.3601003355 + 2.4461198112 i
z[4] = 0.4315633325 + 2.7899850176 i
z[5] = -0.5515317224 + 2.7929618955 i
z[6] = -1.4764816656 + 2.4542816674 i
z[7] = -2.2338675684 + 1.8188696390 i
z[8] = -2.7306677293 + 0.9663541030 i
z[9] = -2.9038567628 + 0.0000000000 i
z[10] = -2.7306677293 + -0.9663541030 i
z[11] = -2.2338675684 + -1.8188696390 i
z[12] = -1.4764816656 + -2.4542816674 i
z[13] = -0.5515317224 + -2.7929618955 i
z[14] = 0.4315633325 + -2.7899850176 i
z[15] = 1.3601003355 + -2.4461198112 i
z[16] = 2.1241611785 + -1.8088957037 i
z[17] = 2.6272647902 + -0.9598003686 i
iter 8
z[0] = 2.6472038463 + -0.0000000000 i
z[1] = 2.4805960198 + 0.9044253294 i
z[2] = 2.0033720813 + 1.7056292894 i
z[3] = 1.2801005178 + 2.3085332381 i
z[4] = 0.4031729769 + 2.6349505279 i
z[5] = -0.5241512786 + 2.6382169026 i
z[6] = -1.3971893081 + 2.3176328103 i
z[7] = -2.1129427704 + 1.7168754687 i
z[8] = -2.5830202866 + 0.9117803223 i
z[9] = -2.7470797506 + 0.0000000000 i
z[10] = -2.5830202866 + -0.9117803223 i
z[11] = -2.1129427704 + -1.7168754687 i
z[12] = -1.3971893081 + -2.3176328103 i
z[13] = -0.5241512786 + -2.6382169026 i
z[14] = 0.4031729769 + -2.6349505279 i
z[15] = 1.2801005178 + -2.3085332381 i
z[16] = 2.0033720813 + -1.7056292894 i
z[17] = 2.4805960198 + -0.9044253294 i
iter 9
z[0] = 2.5006696199 + -0.0000000000 i
z[1] = 2.3423586303 + 0.8518364864 i
z[2] = 1.8892433810 + 1.6077164794 i
z[3] = 1.2042441869 + 2.1784311944 i
z[4] = 0.3761322673 + 2.4886934023 i
z[5] = -0.4982235029 + 2.4922604282 i
z[6] = -1.3221491835 + 2.1885674865 i
z[7] = -1.9986709293 + 1.6204130751 i
z[8] = -2.4436659894 + 0.8600853231 i
z[9] = -2.5992073405 + 0.0000000000 i
z[10] = -2.4436659894 + -0.8600853231 i
z[11] = -1.9986709293 + -1.6204130751 i
z[12] = -1.3221491835 + -2.1885674865 i
z[13] = -0.4982235029 + -2.4922604282 i
z[14] = 0.3761322673 + -2.4886934023 i
z[15] = 1.2042441869 + -2.1784311944 i
z[16] = 1.8892433810 + -1.6077164794 i
z[17] = 2.3423586303 + -0.8518364864 i
iter 10
z[0] = 2.3627207189 + -0.0000000000 i
z[1] = 2.2121291587 + 0.8018357569 i
z[2] = 1.7813896215 + 1.5147979093 i
z[3] = 1.1322428843 + 2.0553767204 i
z[4] = 0.3503234308 + 2.3507735904 i
z[5] = -0.4736374971 + 2.3546454334 i
z[6] = -1.2510931628 + 2.0666568613 i
z[7] = -1.8906683460 + 1.5291537142 i
z[8] = -2.3121553942 + 0.8110780369 i
z[9] = -2.4597821091 + 0.0000000000 i
z[10] = -2.3121553942 + -0.8110780369 i
z[11] = -1.8906683460 + -1.5291537142 i
z[12] = -1.2510931628 + -2.0666568613 i
z[13] = -0.4736374971 + -2.3546454334 i
z[14] = 0.3503234308 + -2.3507735904 i
z[15] = 1.1322428843 + -2.0553767204 i
z[16] = 1.7813896215 + -1.5147979093 i
z[17] = 2.2121291587 + -0.8018357569 i
iter 11
z[0] = 2.2329346294 + -0.0000000000 i
z[1] = 2.0895178373 + 0.7542295919 i
z[2] = 1.6794428401 + 1.4265232583 i
z[3] = 1.0638139280 + 1.9389526411 i
z[4] = 0.3256250901 + 2.2207877929 i
z[5] = -0.4502778052 + 2.2249572181 i
z[6] = -1.1837634468 + 1.9514915637 i
z[7] = -1.7885707522 + 1.4427850431 i
z[8] = -2.1880647555 + 0.7645710147 i
z[9] = -2.3283805012 + 0.0000000000 i
z[10] = -2.1880647555 + -0.7645710147 i
z[11] = -1.7885707522 + -1.4427850431 i
z[12] = -1.1837634468 + -1.9514915637 i
z[13] = -0.4502778052 + -2.2249572181 i
z[14] = 0.3256250901 + -2.2207877929 i
z[15] = 1.0638139280 + -1.9389526411 i
z[16] = 1.6794428401 + -1.4265232583 i
z[17] = 2.0895178373 + -0.7542295919 i
iter 12
z[0] = 2.1109140626 + -0.0000000000 i
z[1] = 1.9741702947 + 0.7088276364 i
z[2] = 1.5830502031 + 1.3425489410 i
z[3] = 0.9986791064 + 1.8287588876 i
z[4] = 0.3019087834 + 2.0983709025 i
z[5] = -0.4280206208 + 2.1028127242 i
z[6] = -1.1199118902 + 1.8426788579 i
z[7] = -1.6920320603 + 1.3610110137 i
z[8] = -2.0709941491 + 0.7203780873 i
z[9] = -2.2046133968 + 0.0000000000 i
z[10] = -2.0709941491 + -0.7203780873 i
z[11] = -1.6920320603 + -1.3610110137 i
z[12] = -1.1199118902 + -1.8426788579 i
z[13] = -0.4280206208 + -2.1028127242 i
z[14] = 0.3019087834 + -2.0983709025 i
z[15] = 0.9986791064 + -1.8287588876 i
z[16] = 1.5830502031 + -1.3425489410 i
z[17] = 1.9741702947 + -0.7088276364 i
iter 13
z[0] = 1.9962812061 + -0.0000000000 i
z[1] = 1.8657710162 + 0.6654408335 i
z[2] = 1.4918709163 + 1.2625357715 i
z[3] = 0.9365640157 + 1.7244094299 i
z[4] = 0.2790338805 + 1.9831986204 i
z[5] = -0.4067283983 + 1.9878596126 i
z[6] = -1.0592996970 + 1.7398393313 i
z[7] = -1.6007233298 + 1.2835526222 i
z[8] = -1.9605653527 + 0.6783114105 i
z[9] = -2.0881273080 + 0.0000000000 i
z[10] = -1.9605653527 + -0.6783114105 i
z[11] = -1.6007233298 + -1.2835526222 i
z[12] = -1.0592996970 + -1.7398393313 i
z[13] = -0.4067283983 + -1.9878596126 i
z[14] = 0.2790338805 + -1.9831986204 i
z[15] = 0.9365640157 + -1.7244094299 i
z[16] = 1.4918709163 + -1.2625357715 i
z[17] = 1.8657710162 + -0.6654408335 i
iter 14
z[0] = 1.8886681221 + -0.0000000000 i
z[1] = 1.7640495955 + 0.6238783673 i
z[2] = 1.4055720303 + 1.1861467327 i
z[3] = 0.8771987302 + 1.6255286129 i
z[4] = 0.2568397697 + 1.8749917456 i
z[5] = -0.3862420653 + 1.8797746666 i
z[6] = -1.0016974855 + 1.6426030246 i
z[7] = -1.5143320134 + 1.2101499955 i
z[8] = -1.8564193970 + 0.6381774581 i
z[9] = -1.9786064511 + 0.0000000000 i
z[10] = -1.8564193970 + -0.6381774581 i
z[11] = -1.5143320134 + -1.2101499955 i
z[12] = -1.0016974855 + -1.6426030246 i
z[13] = -0.3862420653 + -1.8797746666 i
z[14] = 0.2568397697 + -1.8749917456 i
z[15] = 0.8771987302 + -1.6255286129 i
z[16] = 1.4055720303 + -1.1861467327 i
z[17] = 1.7640495955 + -0.6238783673 i
iter 15
z[0] = 1.7876998924 + -0.0000000000 i
z[1] = 1.6687914685 + 0.5839420686 i
z[2] = 1.3238226043 + 1.1130450525 i
z[3] = 0.8203210291 + 1.5317467402 i
z[4] = 0.2351334053 + 1.7735229533 i
z[5] = -0.3663695336 + 1.7782605077 i
z[6] = -0.9468855771 + 1.5506049789 i
z[7] = -1.4325616765 + 1.1405667018 i
z[8] = -1.7582137125 + 0.5997713354 i
z[9] = -1.8757759073 + 0.0000000000 i
z[10] = -1.7582137125 + -0.5997713354 i
z[11] = -1.4325616765 + -1.1405667018 i
z[12] = -0.9468855771 + -1.5506049789 i
z[13] = -0.3663695336 + -1.7782605077 i
z[14] = 0.2351334053 + -1.7735229533 i
z[15] = 0.8203210291 + -1.5317467402 i
z[16] = 1.3238226043 + -1.1130450525 i
z[17] = 1.6687914685 + -0.5839420686 i
iter 16
z[0] = 1.6929639129 + -0.0000000000 i
z[1] = 1.5798558881 + 0.5454153118 i
z[2] = 1.2462856634 + 1.0428927922 i
z[3] = 0.7656843643 + 1.4426948945 i
z[4] = 0.2136688528 + 1.6786274200 i
z[5] = -0.3468683543 + 1.6830384570 i
z[6] = -0.8946538368 + 1.4634803498 i
z[7] = -1.3551325958 + 1.0745978865 i
z[8] = -1.6656189117 + 0.5628684159 i
z[9] = -1.7794060527 + 0.0000000000 i
z[10] = -1.6656189117 + -0.5628684159 i
z[11] = -1.3551325958 + -1.0745978865 i
z[12] = -0.8946538368 + -1.4634803498 i
z[13] = -0.3468683543 + -1.6830384570 i
z[14] = 0.2136688528 + -1.6786274200 i
z[15] = 0.7656843643 + -1.4426948945 i
z[16] = 1.2462856634 + -1.0428927922 i
z[17] = 1.5798558881 + -0.5454153118 i
iter 17
z[0] = 1.6039520242 + -0.0000000000 i
z[1] = 1.4972056089 + 0.5080400702 i
z[2] = 1.1726077711 + 0.9753498049 i
z[3] = 0.7130744394 + 1.3579994095 i
z[4] = 0.1921127594 + 1.5902196473 i
z[5] = -0.3274187718 + 1.5938329619 i
z[6] = -0.8447990429 + 1.3808596376 i
z[7] = -1.2817840053 + 1.0120852204 i
z[8] = -1.5783156055 + 0.5272116796 i
z[9] = -1.6893183308 + 0.0000000000 i
z[10] = -1.5783156055 + -0.5272116796 i
z[11] = -1.2817840053 + -1.0120852204 i
z[12] = -0.8447990429 + -1.3808596376 i
z[13] = -0.3274187718 + -1.5938329619 i
z[14] = 0.1921127594 + -1.5902196473 i
z[15] = 0.7130744394 + -1.3579994095 i
z[16] = 1.1726077711 + -0.9753498049 i
z[17] = 1.4972056089 + -0.5080400702 i
iter 18
z[0] = 1.5199471694 + -0.0000000000 i
z[1] = 1.4209557926 + 0.4714688152 i
z[2] = 1.1024075899 + 0.9100712670 i
z[3] = 0.6623411554 + 1.2772773724 i
z[4] = 0.1699845778 + 1.5083209325 i
z[5] = -0.3075801634 + 1.5103377378 i
z[6] = -0.7971144678 + 1.3023653521 i
z[7] = -1.2122794143 + 0.9529443807 i
z[8] = -1.4959925728 + 0.4924921697 i
z[9] = -1.6053921644 + 0.0000000000 i
z[10] = -1.4959925728 + -0.4924921697 i
z[11] = -1.2122794143 + -0.9529443807 i
z[12] = -0.7971144678 + -1.3023653521 i
z[13] = -0.3075801634 + -1.5103377378 i
z[14] = 0.1699845778 + -1.5083209325 i
z[15] = 0.6623411554 + -1.2772773724 i
z[16] = 1.1024075899 + -0.9100712670 i
z[17] = 1.4209557926 + -0.4714688152 i
iter 19
z[0] = 1.4397894564 + -0.0000000000 i
z[1] = 1.3514566781 + 0.4351638541 i
z[2] = 1.0352691534 + 0.8466960427 i
z[3] = 0.6134574047 + 1.2001363005 i
z[4] = 0.1465503551 + 1.4331073165 i
z[5] = -0.2867161922 + 1.4321416122 i
z[6] = -0.7513586316 + 1.2276128027 i
z[7] = -1.1464175568 + 0.8972162406 i
z[8] = -1.4183497989 + 0.4583186496 i
z[9] = -1.5275722799 + 0.0000000000 i
z[10] = -1.4183497989 + -0.4583186496 i
z[11] = -1.1464175568 + -0.8972162406 i
z[12] = -0.7513586316 + -1.2276128027 i
z[13] = -0.2867161922 + -1.4321416122 i
z[14] = 0.1465503551 + -1.4331073165 i
z[15] = 0.6134574047 + -1.2001363005 i
z[16] = 1.0352691534 + -0.8466960427 i
z[17] = 1.3514566781 + -0.4351638541 i
iter 20
z[0] = 1.3613531531 + -0.0000000000 i
z[1] = 1.2894487377 + 0.3981897772 i
z[2] = 0.9707558074 + 0.7847990391 i
z[3] = 0.5666233050 + 1.1261831759 i
z[4] = 0.1206275403 + 1.3650054151 i
z[5] = -0.2638535571 + 1.3585606803 i
z[6] = -0.7071724652 + 1.1562202761 i
z[7] = -1.0840536020 + 0.8451635652 i
z[8] = -1.3451149227 + 0.4241712708 i
z[9] = -1.4558748398 + 0.0000000000 i
z[10] = -1.3451149227 + -0.4241712708 i
z[11] = -1.0840536020 + -0.8451635652 i
z[12] = -0.7071724652 + -1.1562202761 i
z[13] = -0.2638535571 + -1.3585606803 i
z[14] = 0.1206275403 + -1.3650054151 i
z[15] = 0.5666233050 + -1.1261831759 i
z[16] = 0.9707558074 + -0.7847990391 i
z[17] = 1.2894487377 + -0.3981897772 i
iter 21
z[0] = 1.2802201883 + -0.0000000000 i
z[1] = 1.2364377219 + 0.3588019269 i
z[2] = 0.9084818707 + 0.7237233002 i
z[3] = 0.5224441634 + 1.0550462894 i
z[4] = 0.0902051956 + 1.3049343935 i
z[5] = -0.2373779118 + 1.2882254646 i
z[6] = -0.6638736374 + 1.0878409090 i
z[7] = -1.0251402068 + 0.7974542041 i
z[8] = -1.2760924791 + 0.3893351490 i
z[9] = -1.3903896213 + 0.0000000000 i
z[10] = -1.2760924791 + -0.3893351490 i
z[11] = -1.0251402068 + -0.7974542041 i
z[12] = -0.6638736374 + -1.0878409090 i
z[13] = -0.2373779118 + -1.2882254646 i
z[14] = 0.0902051956 + -1.3049343935 i
z[15] = 0.5224441634 + -1.0550462894 i
z[16] = 0.9084818707 + -0.7237233002 i
z[17] = 1.2364377219 + -0.3588019269 i
iter 22
z[0] = 1.1856207706 + -0.0000000000 i
z[1] = 1.1959866412 + 0.3137650500 i
z[2] = 0.8483252298 + 0.6620432530 i
z[3] = 0.4822262731 + 0.9863944838 i
z[4] = 0.0516296909 + 1.2551411835 i
z[5] = -0.2042761023 + 1.2178677028 i
z[6] = -0.6199623625 + 1.0222614307 i
z[7] = -0.9698161895 + 0.7554984062 i
z[8] = -1.2112863647 + 0.3528216361 i
z[9] = -1.3312744026 + 0.0000000000 i
z[10] = -1.2112863647 + -0.3528216361 i
z[11] = -0.9698161895 + -0.7554984062 i
z[12] = -0.6199623625 + -1.0222614307 i
z[13] = -0.2042761023 + -1.2178677028 i
z[14] = 0.0516296909 + -1.2551411835 i
z[15] = 0.4822262731 + -0.9863944838 i
z[16] = 0.8483252298 + -0.6620432530 i
z[17] = 1.1959866412 + -0.3137650500 i
iter 23
z[0] = 1.0451124793 + -0.0000000000 i
z[1] = 1.1793920921 + 0.2591431728 i
z[2] = 0.7910735479 + 0.5959361912 i
z[3] = 0.4484941746 + 0.9198863268 i
z[4] = -0.0021302226 + 1.2233342947 i
z[5] = -0.1582528396 + 1.1373437241 i
z[6] = -0.5719444320 + 0.9598025482 i
z[7] = -0.9186541961 + 0.7220017099 i
z[8] = -1.1511654793 + 0.3133331850 i
z[9] = -1.2787377696 + 0.0000000000 i
z[10] = -1.1511654793 + -0.3133331850 i
z[11] = -0.9186541961 + -0.7220017099 i
z[12] = -0.5719444320 + -0.9598025482 i
z[13] = -0.1582528396 + -1.1373437241 i
z[14] = -0.0021302226 + -1.2233342947 i
z[15] = 0.4484941746 + -0.9198863268 i
z[16] = 0.7910735479 + -0.5959361912 i
z[17] = 1.1793920921 + -0.2591431728 i
iter 24
z[0] = 0.7688217946 + -0.0000000000 i
z[1] = 1.2162895906 + 0.2201783684 i
z[2] = 0.7418053320 + 0.5142067493 i
z[3] = 0.4261678068 + 0.8550352028 i
z[4] = -0.0702967358 + 1.2504989410 i
z[5] = -0.0996044288 + 0.9995861851 i
z[6] = -0.5116172479 + 0.9034171376 i
z[7] = -0.8735232609 + 0.7014934787 i
z[8] = -1.0971283133 + 0.2694644844 i
z[9] = -1.2330072800 + 0.0000000000 i
z[10] = -1.0971283133 + -0.2694644844 i
z[11] = -0.8735232609 + -0.7014934787 i
z[12] = -0.5116172479 + -0.9034171376 i
z[13] = -0.0996044288 + -0.9995861851 i
z[14] = -0.0702967358 + -1.2504989410 i
z[15] = 0.4261678068 + -0.8550352028 i
z[16] = 0.7418053320 + -0.5142067493 i
z[17] = 1.2162895906 + -0.2201783684 i
iter 25
z[0] = 0.3725882276 + -0.0000000000 i
z[1] = 1.2263925497 + 0.2468821177 i
z[2] = 0.7413214046 + 0.3921174396 i
z[3] = 0.4259107815 + 0.7936826000 i
z[4] = -0.0239675328 + 1.2751887592 i
z[5] = -0.1437637201 + 0.8446815777 i
z[6] = -0.4230805395 + 0.8726681019 i
z[7] = -0.8401938925 + 0.6988574802 i
z[8] = -1.0517980456 + 0.2205427727 i
z[9] = -1.1942302383 + 0.0000000000 i
z[10] = -1.0517980456 + -0.2205427727 i
z[11] = -0.8401938925 + -0.6988574802 i
z[12] = -0.4230805395 + -0.8726681019 i
z[13] = -0.1437637201 + -0.8446815777 i
z[14] = -0.0239675328 + -1.2751887592 i
z[15] = 0.4259107815 + -0.7936826000 i
z[16] = 0.7413214046 + -0.3921174396 i
z[17] = 1.2263925497 + -0.2468821177 i
iter 26
z[0] = -0.5174879712 + -0.0000000000 i
z[1] = 1.2208001645 + 0.2441175058 i
z[2] = 0.9092813509 + 0.3805958675 i
z[3] = 0.4623375789 + 0.7636831900 i
z[4] = -0.0352556889 + 1.2722060561 i
z[5] = -0.0428763040 + 0.6301175602 i
z[6] = -0.3293972493 + 0.9759316755 i
z[7] = -0.8280965814 + 0.7087894435 i
z[8] = -1.0172703858 + 0.1663637501 i
z[9] = -1.1615577986 + 0.0000000000 i
z[10] = -1.0172703858 + -0.1663637501 i
z[11] = -0.8280965814 + -0.7087894435 i
z[12] = -0.3293972493 + -0.9759316755 i
z[13] = -0.0428763040 + -0.6301175602 i
z[14] = -0.0352556889 + -1.2722060561 i
z[15] = 0.4623375789 + -0.7636831900 i
z[16] = 0.9092813509 + -0.3805958675 i
z[17] = 1.2208001645 + -0.2441175058 i
iter 27
z[0] = -0.5787435958 + 0.0000000000 i
z[1] = 1.2219635818 + 0.2433718986 i
z[2] = 0.8417975876 + 0.4466155907 i
z[3] = 0.4736179485 + 0.7727113769 i
z[4] = -0.0351325436 + 1.2728616943 i
z[5] = 0.0566849039 + 0.8512513137 i
z[6] = -0.3915308699 + 0.9321309457 i
z[7] = -0.8299674984 + 0.7101732866 i
z[8] = -0.9835780351 + 0.0962994592 i
z[9] = -1.1289665535 + 0.0000000000 i
z[10] = -0.9835780351 + -0.0962994592 i
z[11] = -0.8299674984 + -0.7101732866 i
z[12] = -0.3915308699 + -0.9321309457 i
z[13] = 0.0566849039 + -0.8512513137 i
z[14] = -0.0351325436 + -1.2728616943 i
z[15] = 0.4736179485 + -0.7727113769 i
z[16] = 0.8417975876 + -0.4466155907 i
z[17] = 1.2219635818 + -0.2433718986 i
iter 28
z[0] = -0.5719056093 + 0.0000000000 i
z[1] = 1.2216826821 + 0.2436663245 i
z[2] = 0.8411047345 + 0.4280813568 i
z[3] = 0.4718859504 + 0.7790216406 i
z[4] = -0.0349894107 + 1.2729242113 i
z[5] = 0.0699571311 + 0.8011894288 i
z[6] = -0.4019374753 + 0.9692207910 i
z[7] = -0.8294091155 + 0.7105836519 i
z[8] = -0.9946328675 + 0.0524273490 i
z[9] = -1.1154176487 + 0.0000000000 i
z[10] = -0.9946328675 + -0.0524273490 i
z[11] = -0.8294091155 + -0.7105836519 i
z[12] = -0.4019374753 + -0.9692207910 i
z[13] = 0.0699571311 + -0.8011894288 i
z[14] = -0.0349894107 + -1.2729242113 i
z[15] = 0.4718859504 + -0.7790216406 i
z[16] = 0.8411047345 + -0.4280813568 i
z[17] = 1.2216826821 + -0.2436663245 i
iter 29
z[0] = -0.5718114905 + 0.0000000000 i
z[1] = 1.2216767236 + 0.2436926409 i
z[2] = 0.8408173794 + 0.4272408082 i
z[3] = 0.4721874396 + 0.7793006213 i
z[4] = -0.0350030580 + 1.2729269911 i
z[5] = 0.0722555164 + 0.8034053149 i
z[6] = -0.4042324065 + 0.9664468375 i
z[7] = -0.8294171825 + 0.7105548011 i
z[8] = -0.9987580129 + 0.0282752105 i
z[9] = -1.1072413080 + 0.0000000000 i
z[10] = -0.9987580129 + -0.0282752105 i
z[11] = -0.8294171825 + -0.7105548011 i
z[12] = -0.4042324065 + -0.9664468375 i
z[13] = 0.0722555164 + -0.8034053149 i
z[14] = -0.0350030580 + -1.2729269911 i
z[15] = 0.4721874396 + -0.7793006213 i
z[16] = 0.8408173794 + -0.4272408082 i
z[17] = 1.2216767236 + -0.2436926409 i
iter 30
z[0] = -0.5718105322 + -0.0000000000 i
z[1] = 1.2216767413 + 0.2436926923 i
z[2] = 0.8408179805 + 0.4272389925 i
z[3] = 0.4721876097 + 0.7793025220 i
z[4] = -0.0350029776 + 1.2729270823 i
z[5] = 0.0722651479 + 0.8033815136 i
z[6] = -0.4042419565 + 0.9664720103 i
z[7] = -0.8294172054 + 0.7105547690 i
z[8] = -0.9998946537 + 0.0144598241 i
z[9] = -1.1049708403 + 0.0000000000 i
z[10] = -0.9998946537 + -0.0144598241 i
z[11] = -0.8294172054 + -0.7105547690 i
z[12] = -0.4042419565 + -0.9664720103 i
z[13] = 0.0722651479 + -0.8033815136 i
z[14] = -0.0350029776 + -1.2729270823 i
z[15] = 0.4721876097 + -0.7793025220 i
z[16] = 0.8408179805 + -0.4272389925 i
z[17] = 1.2216767413 + -0.2436926923 i
iter 31
z[0] = -0.5718105292 + 0.0000000000 i
z[1] = 1.2216767413 + 0.2436926923 i
z[2] = 0.8408179805 + 0.4272389922 i
z[3] = 0.4721876102 + 0.7793025222 i
z[4] = -0.0350029776 + 1.2729270823 i
z[5] = 0.0722651420 + 0.8033815100 i
z[6] = -0.4042419456 + 0.9664720074 i
z[7] = -0.8294172054 + 0.7105547690 i
z[8] = -0.9999978350 + 0.0072444931 i
z[9] = -1.1047644914 + -0.0000000000 i
z[10] = -0.9999978350 + -0.0072444931 i
z[11] = -0.8294172054 + -0.7105547690 i
z[12] = -0.4042419456 + -0.9664720074 i
z[13] = 0.0722651420 + -0.8033815100 i
z[14] = -0.0350029776 + -1.2729270823 i
z[15] = 0.4721876102 + -0.7793025222 i
z[16] = 0.8408179805 + -0.4272389922 i
z[17] = 1.2216767413 + -0.2436926923 i
iter 32
z[0] = -0.5718105292 + 0.0000000000 i
z[1] = 1.2216767413 + 0.2436926923 i
z[2] = 0.8408179805 + 0.4272389922 i
z[3] = 0.4721876102 + 0.7793025222 i
z[4] = -0.0350029776 + 1.2729270823 i
z[5] = 0.0722651420 + 0.8033815100 i
z[6] = -0.4042419456 + 0.9664720074 i
z[7] = -0.8294172054 + 0.7105547690 i
z[8] = -0.9999999896 + 0.0036223959 i
z[9] = -1.1047601823 + -0.0000000000 i
z[10] = -0.9999999896 + -0.0036223959 i
z[11] = -0.8294172054 + -0.7105547690 i
z[12] = -0.4042419456 + -0.9664720074 i
z[13] = 0.0722651420 + -0.8033815100 i
z[14] = -0.0350029776 + -1.2729270823 i
z[15] = 0.4721876102 + -0.7793025222 i
z[16] = 0.8408179805 + -0.4272389922 i
z[17] = 1.2216767413 + -0.2436926923 i
iter 33
z[0] = -0.5718105292 + 0.0000000000 i
z[1] = 1.2216767413 + 0.2436926923 i
z[2] = 0.8408179805 + 0.4272389922 i
z[3] = 0.4721876102 + 0.7793025222 i
z[4] = -0.0350029776 + 1.2729270823 i
z[5] = 0.0722651420 + 0.8033815100 i
z[6] = -0.4042419456 + 0.9664720074 i
z[7] = -0.8294172054 + 0.7105547690 i
z[8] = -1.0000000000 + 0.0018111983 i
z[9] = -1.1047601615 + -0.0000000000 i
z[10] = -1.0000000000 + -0.0018111983 i
z[11] = -0.8294172054 + -0.7105547690 i
z[12] = -0.4042419456 + -0.9664720074 i
z[13] = 0.0722651420 + -0.8033815100 i
z[14] = -0.0350029776 + -1.2729270823 i
z[15] = 0.4721876102 + -0.7793025222 i
z[16] = 0.8408179805 + -0.4272389922 i
z[17] = 1.2216767413 + -0.2436926923 i
iter 34
z[0] = -0.5718105292 + -0.0000000000 i
z[1] = 1.2216767413 + 0.2436926923 i
z[2] = 0.8408179805 + 0.4272389922 i
z[3] = 0.4721876102 + 0.7793025222 i
z[4] = -0.0350029776 + 1.2729270823 i
z[5] = 0.0722651420 + 0.8033815100 i
z[6] = -0.4042419456 + 0.9664720074 i
z[7] = -0.8294172054 + 0.7105547690 i
z[8] = -1.0000000000 + 0.0009055991 i
z[9] = -1.1047601615 + -0.0000000000 i
z[10] = -1.0000000000 + -0.0009055991 i
z[11] = -0.8294172054 + -0.7105547690 i
z[12] = -0.4042419456 + -0.9664720074 i
z[13] = 0.0722651420 + -0.8033815100 i
z[14] = -0.0350029776 + -1.2729270823 i
z[15] = 0.4721876102 + -0.7793025222 i
z[16] = 0.8408179805 + -0.4272389922 i
z[17] = 1.2216767413 + -0.2436926923 i
iter 35
z[0] = -0.5718105292 + -0.0000000000 i
z[1] = 1.2216767413 + 0.2436926923 i
z[2] = 0.8408179805 + 0.4272389922 i
z[3] = 0.4721876102 + 0.7793025222 i
z[4] = -0.0350029776 + 1.2729270823 i
z[5] = 0.0722651420 + 0.8033815100 i
z[6] = -0.4042419456 + 0.9664720074 i
z[7] = -0.8294172054 + 0.7105547690 i
z[8] = -1.0000000000 + 0.0004527996 i
z[9] = -1.1047601615 + 0.0000000000 i
z[10] = -1.0000000000 + -0.0004527996 i
z[11] = -0.8294172054 + -0.7105547690 i
z[12] = -0.4042419456 + -0.9664720074 i
z[13] = 0.0722651420 + -0.8033815100 i
z[14] = -0.0350029776 + -1.2729270823 i
z[15] = 0.4721876102 + -0.7793025222 i
z[16] = 0.8408179805 + -0.4272389922 i
z[17] = 1.2216767413 + -0.2436926923 i
iter 36
z[0] = -0.5718105292 + -0.0000000000 i
z[1] = 1.2216767413 + 0.2436926923 i
z[2] = 0.8408179805 + 0.4272389922 i
z[3] = 0.4721876102 + 0.7793025222 i
z[4] = -0.0350029776 + 1.2729270823 i
z[5] = 0.0722651420 + 0.8033815100 i
z[6] = -0.4042419456 + 0.9664720074 i
z[7] = -0.8294172054 + 0.7105547690 i
z[8] = -1.0000000000 + 0.0002263998 i
z[9] = -1.1047601615 + 0.0000000000 i
z[10] = -1.0000000000 + -0.0002263998 i
z[11] = -0.8294172054 + -0.7105547690 i
z[12] = -0.4042419456 + -0.9664720074 i
z[13] = 0.0722651420 + -0.8033815100 i
z[14] = -0.0350029776 + -1.2729270823 i
z[15] = 0.4721876102 + -0.7793025222 i
z[16] = 0.8408179805 + -0.4272389922 i
z[17] = 1.2216767413 + -0.2436926923 i
iter 37
z[0] = -0.5718105292 + -0.0000000000 i
z[1] = 1.2216767413 + 0.2436926923 i
z[2] = 0.8408179805 + 0.4272389922 i
z[3] = 0.4721876102 + 0.7793025222 i
z[4] = -0.0350029776 + 1.2729270823 i
z[5] = 0.0722651420 + 0.8033815100 i
z[6] = -0.4042419456 + 0.9664720074 i
z[7] = -0.8294172054 + 0.7105547690 i
z[8] = -1.0000000000 + 0.0001131999 i
z[9] = -1.1047601615 + 0.0000000000 i
z[10] = -1.0000000000 + -0.0001131999 i
z[11] = -0.8294172054 + -0.7105547690 i
z[12] = -0.4042419456 + -0.9664720074 i
z[13] = 0.0722651420 + -0.8033815100 i
z[14] = -0.0350029776 + -1.2729270823 i
z[15] = 0.4721876102 + -0.7793025222 i
z[16] = 0.8408179805 + -0.4272389922 i
z[17] = 1.2216767413 + -0.2436926923 i
iter 38
z[0] = -0.5718105292 + 0.0000000000 i
z[1] = 1.2216767413 + 0.2436926923 i
z[2] = 0.8408179805 + 0.4272389922 i
z[3] = 0.4721876102 + 0.7793025222 i
z[4] = -0.0350029776 + 1.2729270823 i
z[5] = 0.0722651420 + 0.8033815100 i
z[6] = -0.4042419456 + 0.9664720074 i
z[7] = -0.8294172054 + 0.7105547690 i
z[8] = -1.0000000000 + 0.0000565999 i
z[9] = -1.1047601615 + -0.0000000000 i
z[10] = -1.0000000000 + -0.0000565999 i
z[11] = -0.8294172054 + -0.7105547690 i
z[12] = -0.4042419456 + -0.9664720074 i
z[13] = 0.0722651420 + -0.8033815100 i
z[14] = -0.0350029776 + -1.2729270823 i
z[15] = 0.4721876102 + -0.7793025222 i
z[16] = 0.8408179805 + -0.4272389922 i
z[17] = 1.2216767413 + -0.2436926923 i
iter 39
z[0] = -0.5718105292 + -0.0000000000 i
z[1] = 1.2216767413 + 0.2436926923 i
z[2] = 0.8408179805 + 0.4272389922 i
z[3] = 0.4721876102 + 0.7793025222 i
z[4] = -0.0350029776 + 1.2729270823 i
z[5] = 0.0722651420 + 0.8033815100 i
z[6] = -0.4042419456 + 0.9664720074 i
z[7] = -0.8294172054 + 0.7105547690 i
z[8] = -1.0000000000 + 0.0000283000 i
z[9] = -1.1047601615 + 0.0000000000 i
z[10] = -1.0000000000 + -0.0000283000 i
z[11] = -0.8294172054 + -0.7105547690 i
z[12] = -0.4042419456 + -0.9664720074 i
z[13] = 0.0722651420 + -0.8033815100 i
z[14] = -0.0350029776 + -1.2729270823 i
z[15] = 0.4721876102 + -0.7793025222 i
z[16] = 0.8408179805 + -0.4272389922 i
z[17] = 1.2216767413 + -0.2436926923 i
iter 40
z[0] = -0.5718105292 + 0.0000000000 i
z[1] = 1.2216767413 + 0.2436926923 i
z[2] = 0.8408179805 + 0.4272389922 i
z[3] = 0.4721876102 + 0.7793025222 i
z[4] = -0.0350029776 + 1.2729270823 i
z[5] = 0.0722651420 + 0.8033815100 i
z[6] = -0.4042419456 + 0.9664720074 i
z[7] = -0.8294172054 + 0.7105547690 i
z[8] = -1.0000000000 + 0.0000141500 i
z[9] = -1.1047601615 + -0.0000000000 i
z[10] = -1.0000000000 + -0.0000141500 i
z[11] = -0.8294172054 + -0.7105547690 i
z[12] = -0.4042419456 + -0.9664720074 i
z[13] = 0.0722651420 + -0.8033815100 i
z[14] = -0.0350029776 + -1.2729270823 i
z[15] = 0.4721876102 + -0.7793025222 i
z[16] = 0.8408179805 + -0.4272389922 i
z[17] = 1.2216767413 + -0.2436926923 i
iter 41
z[0] = -0.5718105292 + 0.0000000000 i
z[1] = 1.2216767413 + 0.2436926923 i
z[2] = 0.8408179805 + 0.4272389922 i
z[3] = 0.4721876102 + 0.7793025222 i
z[4] = -0.0350029776 + 1.2729270823 i
z[5] = 0.0722651420 + 0.8033815100 i
z[6] = -0.4042419456 + 0.9664720074 i
z[7] = -0.8294172054 + 0.7105547690 i
z[8] = -1.0000000000 + 0.0000070750 i
z[9] = -1.1047601615 + -0.0000000000 i
z[10] = -1.0000000000 + -0.0000070750 i
z[11] = -0.8294172054 + -0.7105547690 i
z[12] = -0.4042419456 + -0.9664720074 i
z[13] = 0.0722651420 + -0.8033815100 i
z[14] = -0.0350029776 + -1.2729270823 i
z[15] = 0.4721876102 + -0.7793025222 i
z[16] = 0.8408179805 + -0.4272389922 i
z[17] = 1.2216767413 + -0.2436926923 i
iter 42
z[0] = -0.5718105292 + 0.0000000000 i
z[1] = 1.2216767413 + 0.2436926923 i
z[2] = 0.8408179805 + 0.4272389922 i
z[3] = 0.4721876102 + 0.7793025222 i
z[4] = -0.0350029776 + 1.2729270823 i
z[5] = 0.0722651420 + 0.8033815100 i
z[6] = -0.4042419456 + 0.9664720074 i
z[7] = -0.8294172054 + 0.7105547690 i
z[8] = -1.0000000000 + 0.0000035375 i
z[9] = -1.1047601615 + -0.0000000000 i
z[10] = -1.0000000000 + -0.0000035375 i
z[11] = -0.8294172054 + -0.7105547690 i
z[12] = -0.4042419456 + -0.9664720074 i
z[13] = 0.0722651420 + -0.8033815100 i
z[14] = -0.0350029776 + -1.2729270823 i
z[15] = 0.4721876102 + -0.7793025222 i
z[16] = 0.8408179805 + -0.4272389922 i
z[17] = 1.2216767413 + -0.2436926923 i
iter 43
z[0] = -0.5718105292 + -0.0000000000 i
z[1] = 1.2216767413 + 0.2436926923 i
z[2] = 0.8408179805 + 0.4272389922 i
z[3] = 0.4721876102 + 0.7793025222 i
z[4] = -0.0350029776 + 1.2729270823 i
z[5] = 0.0722651420 + 0.8033815100 i
z[6] = -0.4042419456 + 0.9664720074 i
z[7] = -0.8294172054 + 0.7105547690 i
z[8] = -1.0000000000 + 0.0000017687 i
z[9] = -1.1047601615 + 0.0000000000 i
z[10] = -1.0000000000 + -0.0000017687 i
z[11] = -0.8294172054 + -0.7105547690 i
z[12] = -0.4042419456 + -0.9664720074 i
z[13] = 0.0722651420 + -0.8033815100 i
z[14] = -0.0350029776 + -1.2729270823 i
z[15] = 0.4721876102 + -0.7793025222 i
z[16] = 0.8408179805 + -0.4272389922 i
z[17] = 1.2216767413 + -0.2436926923 i
iter 44
z[0] = -0.5718105292 + 0.0000000000 i
z[1] = 1.2216767413 + 0.2436926923 i
z[2] = 0.8408179805 + 0.4272389922 i
z[3] = 0.4721876102 + 0.7793025222 i
z[4] = -0.0350029776 + 1.2729270823 i
z[5] = 0.0722651420 + 0.8033815100 i
z[6] = -0.4042419456 + 0.9664720074 i
z[7] = -0.8294172054 + 0.7105547690 i
z[8] = -1.0000000000 + 0.0000008844 i
z[9] = -1.1047601615 + -0.0000000000 i
z[10] = -1.0000000000 + -0.0000008844 i
z[11] = -0.8294172054 + -0.7105547690 i
z[12] = -0.4042419456 + -0.9664720074 i
z[13] = 0.0722651420 + -0.8033815100 i
z[14] = -0.0350029776 + -1.2729270823 i
z[15] = 0.4721876102 + -0.7793025222 i
z[16] = 0.8408179805 + -0.4272389922 i
z[17] = 1.2216767413 + -0.2436926923 i
iter 45
z[0] = -0.5718105292 + -0.0000000000 i
z[1] = 1.2216767413 + 0.2436926923 i
z[2] = 0.8408179805 + 0.4272389922 i
z[3] = 0.4721876102 + 0.7793025222 i
z[4] = -0.0350029776 + 1.2729270823 i
z[5] = 0.0722651420 + 0.8033815100 i
z[6] = -0.4042419456 + 0.9664720074 i
z[7] = -0.8294172054 + 0.7105547690 i
z[8] = -1.0000000000 + 0.0000004422 i
z[9] = -1.1047601615 + 0.0000000000 i
z[10] = -1.0000000000 + -0.0000004422 i
z[11] = -0.8294172054 + -0.7105547690 i
z[12] = -0.4042419456 + -0.9664720074 i
z[13] = 0.0722651420 + -0.8033815100 i
z[14] = -0.0350029776 + -1.2729270823 i
z[15] = 0.4721876102 + -0.7793025222 i
z[16] = 0.8408179805 + -0.4272389922 i
z[17] = 1.2216767413 + -0.2436926923 i
iter 46
z[0] = -0.5718105292 + 0.0000000000 i
z[1] = 1.2216767413 + 0.2436926923 i
z[2] = 0.8408179805 + 0.4272389922 i
z[3] = 0.4721876102 + 0.7793025222 i
z[4] = -0.0350029776 + 1.2729270823 i
z[5] = 0.0722651420 + 0.8033815100 i
z[6] = -0.4042419456 + 0.9664720074 i
z[7] = -0.8294172054 + 0.7105547690 i
z[8] = -1.0000000000 + 0.0000002211 i
z[9] = -1.1047601615 + -0.0000000000 i
z[10] = -1.0000000000 + -0.0000002211 i
z[11] = -0.8294172054 + -0.7105547690 i
z[12] = -0.4042419456 + -0.9664720074 i
z[13] = 0.0722651420 + -0.8033815100 i
z[14] = -0.0350029776 + -1.2729270823 i
z[15] = 0.4721876102 + -0.7793025222 i
z[16] = 0.8408179805 + -0.4272389922 i
z[17] = 1.2216767413 + -0.2436926923 i
